<?xml version="1.0" encoding="UTF-8"?>
<!-- Generated by org.testng.reporters.JUnitReportReporter -->
<testsuite hostname="INLEN8520046728" failures="0" tests="1" name="StepDefinitions.MyntraLogin" time="39.284" errors="0" timestamp="2023-01-09T17:46:04 IST" skipped="0">
  <testcase classname="StepDefinitions.MyntraLogin" name="MyntraLogin" time="39.284"/>
  <system-out/>
</testsuite> <!-- StepDefinitions.MyntraLogin -->
