<?xml version="1.0" encoding="UTF-8"?>
<!-- Generated by org.testng.reporters.JUnitReportReporter -->
<testsuite hostname="INLEN8520046728" failures="0" tests="1" name="StepDefinitions.MyntraAutomation" time="39.742" errors="0" timestamp="2023-01-09T16:28:34 IST" skipped="0">
  <testcase classname="StepDefinitions.MyntraAutomation" name="Myntra" time="39.742"/>
  <system-out/>
</testsuite> <!-- StepDefinitions.MyntraAutomation -->
